#
# There is insufficient memory for the Java Runtime Environment to continue.
# Native memory allocation (malloc) failed to allocate 145136 bytes for Chunk::new
# Possible reasons:
#   The system is out of physical RAM or swap space
#   In 32 bit mode, the process size limit was hit
# Possible solutions:
#   Reduce memory load on the system
#   Increase physical memory or swap space
#   Check if swap backing store is full
#   Use 64 bit Java on a 64 bit OS
#   Decrease Java heap size (-Xmx/-Xms)
#   Decrease number of Java threads
#   Decrease Java thread stack sizes (-Xss)
#   Set larger code cache with -XX:ReservedCodeCacheSize=
# This output file may be truncated or incomplete.
#
#  Out of Memory Error (allocation.cpp:390), pid=22872, tid=24500
#
# JRE version: Java(TM) SE Runtime Environment (8.0_65-b17) (build 1.8.0_65-b17)
# Java VM: Java HotSpot(TM) 64-Bit Server VM (25.65-b01 mixed mode windows-amd64 compressed oops)
# Failed to write core dump. Minidumps are not enabled by default on client versions of Windows
#

---------------  T H R E A D  ---------------

Current thread (0x00000251ca591000):  JavaThread "C2 CompilerThread1" daemon [_thread_in_native, id=24500, stack(0x000000fb4ab10000,0x000000fb4ad00000)]

Stack: [0x000000fb4ab10000,0x000000fb4ad00000]
[error occurred during error reporting (printing stack bounds), id 0xc0000005]

Native frames: (J=compiled Java code, j=interpreted, Vv=VM code, C=native code)


Current CompileTask:
C2:  10012 1715       4       scala.collection.immutable.List::map (122 bytes)


---------------  P R O C E S S  ---------------

Java Threads: ( => current thread )
  0x00000251ca757800 JavaThread "Thread-1" [_thread_in_native, id=19412, stack(0x000000fb4b6b0000,0x000000fb4b8a0000)]
  0x00000251ca682000 JavaThread "Thread-0" [_thread_blocked, id=19648, stack(0x000000fb4b2d0000,0x000000fb4b4c0000)]
  0x00000251ca619800 JavaThread "Service Thread" daemon [_thread_blocked, id=11036, stack(0x000000fb4aef0000,0x000000fb4b0e0000)]
  0x00000251ca595000 JavaThread "C1 CompilerThread2" daemon [_thread_blocked, id=22908, stack(0x000000fb4ad00000,0x000000fb4aef0000)]
=>0x00000251ca591000 JavaThread "C2 CompilerThread1" daemon [_thread_in_native, id=24500, stack(0x000000fb4ab10000,0x000000fb4ad00000)]
  0x00000251c958d800 JavaThread "C2 CompilerThread0" daemon [_thread_in_native, id=528, stack(0x000000fb4a920000,0x000000fb4ab10000)]
  0x00000251c958b000 JavaThread "Attach Listener" daemon [_thread_blocked, id=18152, stack(0x000000fb4a730000,0x000000fb4a920000)]
  0x00000251c9540800 JavaThread "Signal Dispatcher" daemon [_thread_blocked, id=21980, stack(0x000000fb4a540000,0x000000fb4a730000)]
  0x00000251b7b17000 JavaThread "Finalizer" daemon [_thread_blocked, id=20420, stack(0x000000fb4a350000,0x000000fb4a540000)]
  0x00000251c94f9000 JavaThread "Reference Handler" daemon [_thread_blocked, id=18144, stack(0x000000fb4a160000,0x000000fb4a350000)]
  0x00000251b7a22800 JavaThread "main" [_thread_in_native, id=3348, stack(0x000000fb48e00000,0x000000fb48ff0000)]

Other Threads:
  0x00000251c94f8000 VMThread [stack: 0x000000fb49f70000,0x000000fb4a160000] [id=15092]
  0x00000251ca679800 WatcherThread [stack: 0x000000fb4b0e0000,0x000000fb4b2d0000] [id=15012]

VM state:not at safepoint (normal execution)

VM Mutex/Monitor currently owned by a thread: None

Heap:
 PSYoungGen      total 38400K, used 34950K [0x00000000f0000000, 0x00000000f2a80000, 0x0000000100000000)
  eden space 33280K, 89% used [0x00000000f0000000,0x00000000f1d29b38,0x00000000f2080000)
  from space 5120K, 99% used [0x00000000f2580000,0x00000000f2a78010,0x00000000f2a80000)
  to   space 5120K, 0% used [0x00000000f2080000,0x00000000f2080000,0x00000000f2580000)
 ParOldGen       total 87552K, used 30374K [0x00000000d0000000, 0x00000000d5580000, 0x00000000f0000000)
  object space 87552K, 34% used [0x00000000d0000000,0x00000000d1da99a8,0x00000000d5580000)
 Metaspace       used 9835K, capacity 10310K, committed 10496K, reserved 1058816K
  class space    used 1503K, capacity 1521K, committed 1536K, reserved 1048576K

Card table byte_map: [0x00000251c6f80000,0x00000251c7110000] byte_map_base: 0x00000251c6900000

Marking Bits: (ParMarkBitMap*) 0x000000006843a5b0
 Begin Bits: [0x00000251c7210000, 0x00000251c7e10000)
 End Bits:   [0x00000251c7e10000, 0x00000251c8a10000)

Polling page: 0x00000251b7a00000

CodeCache: size=245760Kb used=6375Kb max_used=6375Kb free=239385Kb
 bounds [0x00000251b7bc0000, 0x00000251b8200000, 0x00000251c6bc0000]
 total_blobs=2227 nmethods=1949 adapters=189
 compilation: disabled (not enough contiguous free space left)

Compilation events (10 events):
Event: 9.704 Thread 0x00000251ca595000 nmethod 1718 0x00000251b8165bd0 code [0x00000251b8165d40, 0x00000251b8165f30]
Event: 9.704 Thread 0x00000251ca595000 1719       3       scala.collection.immutable.Map$Map3::get (249 bytes)
Event: 9.706 Thread 0x00000251ca595000 nmethod 1719 0x00000251b8168750 code [0x00000251b8168a40, 0x00000251b816a4f0]
Event: 9.706 Thread 0x00000251ca595000 1721       3       scala.collection.IterableViewLike$class::$init$ (1 bytes)
Event: 9.707 Thread 0x00000251ca595000 nmethod 1721 0x00000251b8165850 code [0x00000251b81659a0, 0x00000251b8165ad8]
Event: 9.707 Thread 0x00000251ca595000 1722       3       scala.collection.SeqViewLike$class::$init$ (1 bytes)
Event: 9.707 Thread 0x00000251ca595000 nmethod 1722 0x00000251b81631d0 code [0x00000251b8163320, 0x00000251b8163458]
Event: 9.707 Thread 0x00000251ca595000 1723       3       com.twitter.penguin.korean.tokenizer.KoreanTokenizer$KoreanToken::<init> (24 bytes)
Event: 9.708 Thread 0x00000251ca595000 nmethod 1723 0x00000251b8162d50 code [0x00000251b8162ec0, 0x00000251b81630f8]
Event: 9.708 Thread 0x00000251ca595000 1724   !   3       com.twitter.penguin.korean.tokenizer.KoreanTokenizer$ParsedChunk::score$lzycompute (182 bytes)

GC Heap History (10 events):
Event: 8.870 GC heap before
{Heap before GC invocations=4 (full 0):
 PSYoungGen      total 38400K, used 38393K [0x00000000f0000000, 0x00000000f2a80000, 0x0000000100000000)
  eden space 33280K, 100% used [0x00000000f0000000,0x00000000f2080000,0x00000000f2080000)
  from space 5120K, 99% used [0x00000000f2080000,0x00000000f257e650,0x00000000f2580000)
  to   space 5120K, 0% used [0x00000000f2580000,0x00000000f2580000,0x00000000f2a80000)
 ParOldGen       total 87552K, used 9064K [0x00000000d0000000, 0x00000000d5580000, 0x00000000f0000000)
  object space 87552K, 10% used [0x00000000d0000000,0x00000000d08da2a0,0x00000000d5580000)
 Metaspace       used 9193K, capacity 9792K, committed 9984K, reserved 1058816K
  class space    used 1422K, capacity 1456K, committed 1536K, reserved 1048576K
Event: 8.893 GC heap after
Heap after GC invocations=4 (full 0):
 PSYoungGen      total 38400K, used 5093K [0x00000000f0000000, 0x00000000f2a80000, 0x0000000100000000)
  eden space 33280K, 0% used [0x00000000f0000000,0x00000000f0000000,0x00000000f2080000)
  from space 5120K, 99% used [0x00000000f2580000,0x00000000f2a79750,0x00000000f2a80000)
  to   space 5120K, 0% used [0x00000000f2080000,0x00000000f2080000,0x00000000f2580000)
 ParOldGen       total 87552K, used 14314K [0x00000000d0000000, 0x00000000d5580000, 0x00000000f0000000)
  object space 87552K, 16% used [0x00000000d0000000,0x00000000d0dfa978,0x00000000d5580000)
 Metaspace       used 9193K, capacity 9792K, committed 9984K, reserved 1058816K
  class space    used 1422K, capacity 1456K, committed 1536K, reserved 1048576K
}
Event: 9.220 GC heap before
{Heap before GC invocations=5 (full 0):
 PSYoungGen      total 38400K, used 38373K [0x00000000f0000000, 0x00000000f2a80000, 0x0000000100000000)
  eden space 33280K, 100% used [0x00000000f0000000,0x00000000f2080000,0x00000000f2080000)
  from space 5120K, 99% used [0x00000000f2580000,0x00000000f2a79750,0x00000000f2a80000)
  to   space 5120K, 0% used [0x00000000f2080000,0x00000000f2080000,0x00000000f2580000)
 ParOldGen       total 87552K, used 14314K [0x00000000d0000000, 0x00000000d5580000, 0x00000000f0000000)
  object space 87552K, 16% used [0x00000000d0000000,0x00000000d0dfa978,0x00000000d5580000)
 Metaspace       used 9374K, capacity 9952K, committed 10240K, reserved 1058816K
  class space    used 1449K, capacity 1488K, committed 1536K, reserved 1048576K
Event: 9.241 GC heap after
Heap after GC invocations=5 (full 0):
 PSYoungGen      total 38400K, used 5093K [0x00000000f0000000, 0x00000000f2a80000, 0x0000000100000000)
  eden space 33280K, 0% used [0x00000000f0000000,0x00000000f0000000,0x00000000f2080000)
  from space 5120K, 99% used [0x00000000f2080000,0x00000000f25796f0,0x00000000f2580000)
  to   space 5120K, 0% used [0x00000000f2580000,0x00000000f2580000,0x00000000f2a80000)
 ParOldGen       total 87552K, used 20067K [0x00000000d0000000, 0x00000000d5580000, 0x00000000f0000000)
  object space 87552K, 22% used [0x00000000d0000000,0x00000000d1398d38,0x00000000d5580000)
 Metaspace       used 9374K, capacity 9952K, committed 10240K, reserved 1058816K
  class space    used 1449K, capacity 1488K, committed 1536K, reserved 1048576K
}
Event: 9.359 GC heap before
{Heap before GC invocations=6 (full 0):
 PSYoungGen      total 38400K, used 38373K [0x00000000f0000000, 0x00000000f2a80000, 0x0000000100000000)
  eden space 33280K, 100% used [0x00000000f0000000,0x00000000f2080000,0x00000000f2080000)
  from space 5120K, 99% used [0x00000000f2080000,0x00000000f25796f0,0x00000000f2580000)
  to   space 5120K, 0% used [0x00000000f2580000,0x00000000f2580000,0x00000000f2a80000)
 ParOldGen       total 87552K, used 20067K [0x00000000d0000000, 0x00000000d5580000, 0x00000000f0000000)
  object space 87552K, 22% used [0x00000000d0000000,0x00000000d1398d38,0x00000000d5580000)
 Metaspace       used 9403K, capacity 10016K, committed 10240K, reserved 1058816K
  class space    used 1450K, capacity 1488K, committed 1536K, reserved 1048576K
Event: 9.376 GC heap after
Heap after GC invocations=6 (full 0):
 PSYoungGen      total 38400K, used 5099K [0x00000000f0000000, 0x00000000f2a80000, 0x0000000100000000)
  eden space 33280K, 0% used [0x00000000f0000000,0x00000000f0000000,0x00000000f2080000)
  from space 5120K, 99% used [0x00000000f2580000,0x00000000f2a7af00,0x00000000f2a80000)
  to   space 5120K, 0% used [0x00000000f2080000,0x00000000f2080000,0x00000000f2580000)
 ParOldGen       total 87552K, used 23571K [0x00000000d0000000, 0x00000000d5580000, 0x00000000f0000000)
  object space 87552K, 26% used [0x00000000d0000000,0x00000000d1704d98,0x00000000d5580000)
 Metaspace       used 9403K, capacity 10016K, committed 10240K, reserved 1058816K
  class space    used 1450K, capacity 1488K, committed 1536K, reserved 1048576K
}
Event: 9.453 GC heap before
{Heap before GC invocations=7 (full 0):
 PSYoungGen      total 38400K, used 38379K [0x00000000f0000000, 0x00000000f2a80000, 0x0000000100000000)
  eden space 33280K, 100% used [0x00000000f0000000,0x00000000f2080000,0x00000000f2080000)
  from space 5120K, 99% used [0x00000000f2580000,0x00000000f2a7af00,0x00000000f2a80000)
  to   space 5120K, 0% used [0x00000000f2080000,0x00000000f2080000,0x00000000f2580000)
 ParOldGen       total 87552K, used 23571K [0x00000000d0000000, 0x00000000d5580000, 0x00000000f0000000)
  object space 87552K, 26% used [0x00000000d0000000,0x00000000d1704d98,0x00000000d5580000)
 Metaspace       used 9452K, capacity 10016K, committed 10240K, reserved 1058816K
  class space    used 1466K, capacity 1488K, committed 1536K, reserved 1048576K
Event: 9.476 GC heap after
Heap after GC invocations=7 (full 0):
 PSYoungGen      total 38400K, used 5090K [0x00000000f0000000, 0x00000000f2a80000, 0x0000000100000000)
  eden space 33280K, 0% used [0x00000000f0000000,0x00000000f0000000,0x00000000f2080000)
  from space 5120K, 99% used [0x00000000f2080000,0x00000000f25788f0,0x00000000f2580000)
  to   space 5120K, 0% used [0x00000000f2580000,0x00000000f2580000,0x00000000f2a80000)
 ParOldGen       total 87552K, used 27388K [0x00000000d0000000, 0x00000000d5580000, 0x00000000f0000000)
  object space 87552K, 31% used [0x00000000d0000000,0x00000000d1abf008,0x00000000d5580000)
 Metaspace       used 9452K, capacity 10016K, committed 10240K, reserved 1058816K
  class space    used 1466K, capacity 1488K, committed 1536K, reserved 1048576K
}
Event: 9.559 GC heap before
{Heap before GC invocations=8 (full 0):
 PSYoungGen      total 38400K, used 38370K [0x00000000f0000000, 0x00000000f2a80000, 0x0000000100000000)
  eden space 33280K, 100% used [0x00000000f0000000,0x00000000f2080000,0x00000000f2080000)
  from space 5120K, 99% used [0x00000000f2080000,0x00000000f25788f0,0x00000000f2580000)
  to   space 5120K, 0% used [0x00000000f2580000,0x00000000f2580000,0x00000000f2a80000)
 ParOldGen       total 87552K, used 27388K [0x00000000d0000000, 0x00000000d5580000, 0x00000000f0000000)
  object space 87552K, 31% used [0x00000000d0000000,0x00000000d1abf008,0x00000000d5580000)
 Metaspace       used 9459K, capacity 10016K, committed 10240K, reserved 1058816K
  class space    used 1467K, capacity 1488K, committed 1536K, reserved 1048576K
Event: 9.574 GC heap after
Heap after GC invocations=8 (full 0):
 PSYoungGen      total 38400K, used 5088K [0x00000000f0000000, 0x00000000f2a80000, 0x0000000100000000)
  eden space 33280K, 0% used [0x00000000f0000000,0x00000000f0000000,0x00000000f2080000)
  from space 5120K, 99% used [0x00000000f2580000,0x00000000f2a78010,0x00000000f2a80000)
  to   space 5120K, 0% used [0x00000000f2080000,0x00000000f2080000,0x00000000f2580000)
 ParOldGen       total 87552K, used 30374K [0x00000000d0000000, 0x00000000d5580000, 0x00000000f0000000)
  object space 87552K, 34% used [0x00000000d0000000,0x00000000d1da99a8,0x00000000d5580000)
 Metaspace       used 9459K, capacity 10016K, committed 10240K, reserved 1058816K
  class space    used 1467K, capacity 1488K, committed 1536K, reserved 1048576K
}

Deoptimization events (10 events):
Event: 9.376 Thread 0x00000251ca757800 Uncommon trap: reason=speculate_class_check action=maybe_recompile pc=0x00000251b80e1788 method=scala.collection.immutable.HashSet.$plus(Ljava/lang/Object;)Lscala/collection/immutable/HashSet; @ 8
Event: 9.381 Thread 0x00000251ca757800 Uncommon trap: reason=speculate_class_check action=maybe_recompile pc=0x00000251b80e1788 method=scala.collection.immutable.HashSet.$plus(Ljava/lang/Object;)Lscala/collection/immutable/HashSet; @ 8
Event: 9.533 Thread 0x00000251ca757800 Uncommon trap: reason=speculate_class_check action=maybe_recompile pc=0x00000251b80e1788 method=scala.collection.immutable.HashSet.$plus(Ljava/lang/Object;)Lscala/collection/immutable/HashSet; @ 8
Event: 9.627 Thread 0x00000251ca757800 Uncommon trap: reason=class_check action=maybe_recompile pc=0x00000251b8135f10 method=scala.collection.immutable.HashMap$HashMap1.get0(Ljava/lang/Object;II)Lscala/Option; @ 52
Event: 9.628 Thread 0x00000251ca757800 Uncommon trap: reason=unstable_if action=reinterpret pc=0x00000251b809127c method=scala.collection.immutable.StringOps$.slice$extension(Ljava/lang/String;II)Ljava/lang/String; @ 2
Event: 9.668 Thread 0x00000251ca757800 Uncommon trap: reason=bimorphic action=maybe_recompile pc=0x00000251b7fb115c method=scala.collection.Iterator$$anon$11.next()Ljava/lang/Object; @ 8
Event: 9.668 Thread 0x00000251ca757800 Uncommon trap: reason=bimorphic action=maybe_recompile pc=0x00000251b7fb115c method=scala.collection.Iterator$$anon$11.next()Ljava/lang/Object; @ 8
Event: 9.668 Thread 0x00000251ca757800 Uncommon trap: reason=bimorphic action=maybe_recompile pc=0x00000251b7fb115c method=scala.collection.Iterator$$anon$11.next()Ljava/lang/Object; @ 8
Event: 9.668 Thread 0x00000251ca757800 Uncommon trap: reason=bimorphic action=maybe_recompile pc=0x00000251b7fb115c method=scala.collection.Iterator$$anon$11.next()Ljava/lang/Object; @ 8
Event: 9.680 Thread 0x00000251ca757800 Uncommon trap: reason=unstable_if action=reinterpret pc=0x00000251b80a5324 method=java.lang.String.split(Ljava/lang/String;I)[Ljava/lang/String; @ 8

Internal exceptions (10 events):
Event: 0.113 Thread 0x00000251b7a22800 Exception <a 'java/lang/NoSuchMethodError': Method sun.misc.Unsafe.defineClass(Ljava/lang/String;[BII)Ljava/lang/Class; name or signature does not match> (0x00000000f00131f0) thrown at [C:\workspace\8-2-build-windows-amd64-cygwin\jdk8u65\4987\hotspot\src\s%ÁÅ>ƒ½?
Event: 0.114 Thread 0x00000251b7a22800 Exception <a 'java/lang/NoSuchMethodError': Method sun.misc.Unsafe.prefetchRead(Ljava/lang/Object;J)V name or signature does not match> (0x00000000f00134d8) thrown at [C:\workspace\8-2-build-windows-amd64-cygwin\jdk8u65\4987\hotspot\src\share\vm\prims\jni.>¢ÀNøÔ?
Event: 0.328 Thread 0x00000251b7a22800 Exception <a 'java/io/IOException'> (0x00000000f014de10) thrown at [C:\workspace\8-2-build-windows-amd64-cygwin\jdk8u65\4987\hotspot\src\share\vm\prims\jni.cpp, line 709]
Event: 3.753 Thread 0x00000251ca757800 Exception <a 'java/security/PrivilegedActionException'> (0x00000000f029e198) thrown at [C:\workspace\8-2-build-windows-amd64-cygwin\jdk8u65\4987\hotspot\src\share\vm\prims\jvm.cpp, line 1386]
Event: 3.753 Thread 0x00000251ca757800 Exception <a 'java/security/PrivilegedActionException'> (0x00000000f029e3a8) thrown at [C:\workspace\8-2-build-windows-amd64-cygwin\jdk8u65\4987\hotspot\src\share\vm\prims\jvm.cpp, line 1386]
Event: 3.754 Thread 0x00000251ca757800 Exception <a 'java/lang/NoClassDefFoundError': Ljava/lang;> (0x00000000f029e808) thrown at [C:\workspace\8-2-build-windows-amd64-cygwin\jdk8u65\4987\hotspot\src\share\vm\classfile\systemDictionary.cpp, line 199]
Event: 6.061 Thread 0x00000251ca757800 Exception <a 'java/security/PrivilegedActionException'> (0x00000000f0d1fe48) thrown at [C:\workspace\8-2-build-windows-amd64-cygwin\jdk8u65\4987\hotspot\src\share\vm\prims\jvm.cpp, line 1386]
Event: 6.061 Thread 0x00000251ca757800 Exception <a 'java/security/PrivilegedActionException'> (0x00000000f0d20240) thrown at [C:\workspace\8-2-build-windows-amd64-cygwin\jdk8u65\4987\hotspot\src\share\vm\prims\jvm.cpp, line 1386]
Event: 6.063 Thread 0x00000251ca757800 Exception <a 'java/security/PrivilegedActionException'> (0x00000000f0d24458) thrown at [C:\workspace\8-2-build-windows-amd64-cygwin\jdk8u65\4987\hotspot\src\share\vm\prims\jvm.cpp, line 1386]
Event: 6.063 Thread 0x00000251ca757800 Exception <a 'java/security/PrivilegedActionException'> (0x00000000f0d24850) thrown at [C:\workspace\8-2-build-windows-amd64-cygwin\jdk8u65\4987\hotspot\src\share\vm\prims\jvm.cpp, line 1386]

Events (10 events):
Event: 9.668 Thread 0x00000251ca757800 DEOPT UNPACKING pc=0x00000251b7c05832 sp=0x000000fb4b89b238 mode 2
Event: 9.668 Thread 0x00000251ca757800 Uncommon trap: trap_request=0xffffffc6 fr.pc=0x00000251b7fb115c
Event: 9.668 Thread 0x00000251ca757800 DEOPT PACKING pc=0x00000251b7fb115c sp=0x000000fb4b89b260
Event: 9.668 Thread 0x00000251ca757800 DEOPT UNPACKING pc=0x00000251b7c05832 sp=0x000000fb4b89b238 mode 2
Event: 9.668 Thread 0x00000251ca757800 Uncommon trap: trap_request=0xffffffc6 fr.pc=0x00000251b7fb115c
Event: 9.668 Thread 0x00000251ca757800 DEOPT PACKING pc=0x00000251b7fb115c sp=0x000000fb4b89b260
Event: 9.668 Thread 0x00000251ca757800 DEOPT UNPACKING pc=0x00000251b7c05832 sp=0x000000fb4b89b238 mode 2
Event: 9.680 Thread 0x00000251ca757800 Uncommon trap: trap_request=0xffffff65 fr.pc=0x00000251b80a5324
Event: 9.680 Thread 0x00000251ca757800 DEOPT PACKING pc=0x00000251b80a5324 sp=0x000000fb4b89b8f0
Event: 9.680 Thread 0x00000251ca757800 DEOPT UNPACKING pc=0x00000251b7c05832 sp=0x000000fb4b89b8c0 mode 2


Dynamic libraries:
0x000000001c590000 - 0x000000001c59d000 	C:\Anaconda3\envs\py35\python.exe
0x00007ff9da9e0000 - 0x00007ff9dabc1000 	C:\WINDOWS\SYSTEM32\ntdll.dll
0x00007ff9d8d60000 - 0x00007ff9d8e12000 	C:\WINDOWS\System32\KERNEL32.DLL
0x00007ff9d6db0000 - 0x00007ff9d7023000 	C:\WINDOWS\System32\KERNELBASE.dll
0x00007ff9d74d0000 - 0x00007ff9d75ca000 	C:\WINDOWS\System32\ucrtbase.dll
0x00007ff9d24f0000 - 0x00007ff9d2507000 	C:\Anaconda3\envs\py35\VCRUNTIME140.dll
0x0000000068850000 - 0x0000000068c36000 	C:\Anaconda3\envs\py35\python35.dll
0x00007ff9da930000 - 0x00007ff9da99c000 	C:\WINDOWS\System32\WS2_32.dll
0x00007ff9d8e40000 - 0x00007ff9d8f64000 	C:\WINDOWS\System32\RPCRT4.dll
0x00007ff9da3e0000 - 0x00007ff9da481000 	C:\WINDOWS\System32\ADVAPI32.dll
0x00007ff9d7ee0000 - 0x00007ff9d7f7e000 	C:\WINDOWS\System32\msvcrt.dll
0x00007ff9d86c0000 - 0x00007ff9d871b000 	C:\WINDOWS\System32\sechost.dll
0x00007ff9ca8b0000 - 0x00007ff9ca8ba000 	C:\WINDOWS\SYSTEM32\VERSION.dll
0x00007ff9d6720000 - 0x00007ff9d6737000 	C:\WINDOWS\SYSTEM32\CRYPTSP.dll
0x00007ff9d6150000 - 0x00007ff9d6183000 	C:\WINDOWS\system32\rsaenh.dll
0x00007ff9d6850000 - 0x00007ff9d6875000 	C:\WINDOWS\SYSTEM32\bcrypt.dll
0x00007ff9d6740000 - 0x00007ff9d674b000 	C:\WINDOWS\SYSTEM32\CRYPTBASE.dll
0x00007ff9d7df0000 - 0x00007ff9d7e6a000 	C:\WINDOWS\System32\bcryptPrimitives.dll
0x00007ff9d1f60000 - 0x00007ff9d1f6f000 	C:\Anaconda3\envs\py35\python3.dll
0x00000000697d0000 - 0x00000000697e6000 	C:\Anaconda3\envs\py35\DLLs\_sqlite3.pyd
0x00007ff9c48e0000 - 0x00007ff9c49a0000 	C:\Anaconda3\envs\py35\DLLs\sqlite3.dll
0x00007ff9d17c0000 - 0x00007ff9d17c8000 	C:\Anaconda3\envs\py35\lib\site-packages\markupsafe\_speedups.pyd
0x00007ff9c44f0000 - 0x00007ff9c4658000 	C:\Anaconda3\envs\py35\DLLs\_hashlib.pyd
0x00007ff9d8bd0000 - 0x00007ff9d8d60000 	C:\WINDOWS\System32\USER32.dll
0x00007ff9d7dd0000 - 0x00007ff9d7df0000 	C:\WINDOWS\System32\win32u.dll
0x00007ff9d8a50000 - 0x00007ff9d8a78000 	C:\WINDOWS\System32\GDI32.dll
0x00007ff9d7330000 - 0x00007ff9d74c2000 	C:\WINDOWS\System32\gdi32full.dll
0x00007ff9d75d0000 - 0x00007ff9d766f000 	C:\WINDOWS\System32\msvcp_win.dll
0x00007ff9da3b0000 - 0x00007ff9da3dd000 	C:\WINDOWS\System32\IMM32.DLL
0x0000000069770000 - 0x00000000697c2000 	C:\Anaconda3\envs\py35\DLLs\_decimal.pyd
0x0000000069690000 - 0x0000000069768000 	C:\Anaconda3\envs\py35\DLLs\unicodedata.pyd
0x0000000069670000 - 0x000000006968a000 	C:\Anaconda3\envs\py35\DLLs\_bz2.pyd
0x00007ff9d1790000 - 0x00007ff9d17b9000 	C:\Anaconda3\envs\py35\DLLs\_lzma.pyd
0x0000000069650000 - 0x0000000069665000 	C:\Anaconda3\envs\py35\DLLs\_socket.pyd
0x0000000069640000 - 0x000000006964a000 	C:\Anaconda3\envs\py35\DLLs\select.pyd
0x00007ff9a8320000 - 0x00007ff9a851c000 	C:\Anaconda3\envs\py35\DLLs\_ssl.pyd
0x00007ff9d70e0000 - 0x00007ff9d72c2000 	C:\WINDOWS\System32\CRYPT32.dll
0x00007ff9d6cf0000 - 0x00007ff9d6d02000 	C:\WINDOWS\System32\MSASN1.dll
0x0000000069610000 - 0x0000000069632000 	C:\Anaconda3\envs\py35\DLLs\_ctypes.pyd
0x00007ff9da630000 - 0x00007ff9da781000 	C:\WINDOWS\System32\ole32.dll
0x00007ff9d8720000 - 0x00007ff9d8a43000 	C:\WINDOWS\System32\combase.dll
0x00007ff9d8100000 - 0x00007ff9d81c2000 	C:\WINDOWS\System32\OLEAUT32.dll
0x00007ff9d8f70000 - 0x00007ff9da3b0000 	C:\WINDOWS\System32\shell32.DLL
0x00007ff9d7d80000 - 0x00007ff9d7dc9000 	C:\WINDOWS\System32\cfgmgr32.dll
0x00007ff9da880000 - 0x00007ff9da929000 	C:\WINDOWS\System32\shcore.dll
0x00007ff9d7670000 - 0x00007ff9d7d7d000 	C:\WINDOWS\System32\windows.storage.dll
0x00007ff9d8b70000 - 0x00007ff9d8bc1000 	C:\WINDOWS\System32\shlwapi.dll
0x00007ff9d6d70000 - 0x00007ff9d6d81000 	C:\WINDOWS\System32\kernel.appcore.dll
0x00007ff9d6d90000 - 0x00007ff9d6daf000 	C:\WINDOWS\System32\profapi.dll
0x00007ff9d6d10000 - 0x00007ff9d6d5c000 	C:\WINDOWS\System32\powrprof.dll
0x00007ff9d6d60000 - 0x00007ff9d6d6a000 	C:\WINDOWS\System32\FLTLIB.DLL
0x00007ff9a8600000 - 0x00007ff9a8633000 	C:\Anaconda3\envs\py35\DLLs\pyexpat.pyd
0x00007ff9a7d60000 - 0x00007ff9a8050000 	C:\Anaconda3\envs\py35\lib\site-packages\grpc\_cython\cygrpc.cp35-win_amd64.pyd
0x00007ff9d6570000 - 0x00007ff9d65d6000 	C:\WINDOWS\system32\mswsock.dll
0x00000000695c0000 - 0x00000000695cb000 	C:\Anaconda3\envs\py35\DLLs\_multiprocessing.pyd
0x00007ff9d1520000 - 0x00007ff9d153a000 	C:\Anaconda3\envs\py35\lib\site-packages\google\protobuf\internal\_api_implementation.cp35-win_amd64.pyd
0x00007ff9a7c00000 - 0x00007ff9a7d5a000 	C:\Anaconda3\envs\py35\lib\site-packages\google\protobuf\pyext\_message.cp35-win_amd64.pyd
0x00007ff9a6400000 - 0x00007ff9a6591000 	C:\Anaconda3\envs\py35\lib\site-packages\numpy\core\multiarray.cp35-win_amd64.pyd
0x00007ff98d7c0000 - 0x00007ff98e3cc000 	C:\Anaconda3\envs\py35\lib\site-packages\numpy\core\mkl_rt.dll
0x00007ff9bf050000 - 0x00007ff9bf11d000 	C:\Anaconda3\envs\py35\lib\site-packages\numpy\core\umath.cp35-win_amd64.pyd
0x00007ff9d1780000 - 0x00007ff9d178b000 	C:\Anaconda3\envs\py35\lib\site-packages\numpy\linalg\lapack_lite.cp35-win_amd64.pyd
0x00007ff9d16e0000 - 0x00007ff9d16fa000 	C:\Anaconda3\envs\py35\lib\site-packages\numpy\linalg\_umath_linalg.cp35-win_amd64.pyd
0x00007ff9d16c0000 - 0x00007ff9d16d8000 	C:\Anaconda3\envs\py35\lib\site-packages\numpy\fft\fftpack_lite.cp35-win_amd64.pyd
0x00007ff9b68f0000 - 0x00007ff9b699a000 	C:\Anaconda3\envs\py35\lib\site-packages\numpy\random\mtrand.cp35-win_amd64.pyd
0x00007ff9d15d0000 - 0x00007ff9d15e5000 	C:\Anaconda3\envs\py35\lib\site-packages\scipy\_lib\_ccallback_c.cp35-win_amd64.pyd
0x00007ff98d570000 - 0x00007ff98d7bf000 	C:\Anaconda3\envs\py35\lib\site-packages\scipy\sparse\_sparsetools.cp35-win_amd64.pyd
0x00007ff9b92f0000 - 0x00007ff9b938f000 	C:\WINDOWS\SYSTEM32\MSVCP140.dll
0x00007ff9b3ff0000 - 0x00007ff9b4055000 	C:\Anaconda3\envs\py35\lib\site-packages\scipy\sparse\_csparsetools.cp35-win_amd64.pyd
0x00007ff9c48b0000 - 0x00007ff9c48de000 	C:\Anaconda3\envs\py35\lib\site-packages\scipy\sparse\csgraph\_shortest_path.cp35-win_amd64.pyd
0x00007ff9d1580000 - 0x00007ff9d159e000 	C:\Anaconda3\envs\py35\lib\site-packages\scipy\sparse\csgraph\_tools.cp35-win_amd64.pyd
0x00007ff9c4890000 - 0x00007ff9c48ae000 	C:\Anaconda3\envs\py35\lib\site-packages\scipy\sparse\csgraph\_traversal.cp35-win_amd64.pyd
0x00007ff9c44c0000 - 0x00007ff9c44e5000 	C:\Anaconda3\envs\py35\lib\site-packages\scipy\sparse\csgraph\_min_spanning_tree.cp35-win_amd64.pyd
0x00007ff9bfd90000 - 0x00007ff9bfdcb000 	C:\Anaconda3\envs\py35\lib\site-packages\scipy\sparse\csgraph\_reordering.cp35-win_amd64.pyd
0x00007ff9b3ee0000 - 0x00007ff9b3f48000 	C:\Anaconda3\envs\py35\lib\site-packages\scipy\spatial\ckdtree.cp35-win_amd64.pyd
0x00007ff9b10e0000 - 0x00007ff9b119e000 	C:\Anaconda3\envs\py35\lib\site-packages\scipy\spatial\qhull.cp35-win_amd64.pyd
0x00007ff988200000 - 0x00007ff98996a000 	C:\Anaconda3\envs\py35\Library\bin\mkl_intel_thread.dll
0x00007ff9a7ab0000 - 0x00007ff9a7bfe000 	C:\Anaconda3\envs\py35\Library\bin\libiomp5md.dll
0x00007ff983d10000 - 0x00007ff985595000 	C:\Anaconda3\envs\py35\Library\bin\mkl_core.dll
0x00007ff9c4490000 - 0x00007ff9c44b3000 	C:\Anaconda3\envs\py35\lib\site-packages\scipy\spatial\_voronoi.cp35-win_amd64.pyd
0x00007ff9b1050000 - 0x00007ff9b10e0000 	C:\Anaconda3\envs\py35\lib\site-packages\scipy\linalg\_fblas.cp35-win_amd64.pyd
0x00007ff98a400000 - 0x00007ff98a561000 	C:\Anaconda3\envs\py35\lib\site-packages\scipy\linalg\_flapack.cp35-win_amd64.pyd
0x00007ff9c46b0000 - 0x00007ff9c46c6000 	C:\Anaconda3\envs\py35\lib\site-packages\scipy\linalg\_flinalg.cp35-win_amd64.pyd
0x00007ff9b8140000 - 0x00007ff9b816f000 	C:\Anaconda3\envs\py35\lib\site-packages\scipy\linalg\_solve_toeplitz.cp35-win_amd64.pyd
0x00007ff9b68a0000 - 0x00007ff9b68e1000 	C:\Anaconda3\envs\py35\lib\site-packages\scipy\linalg\_decomp_update.cp35-win_amd64.pyd
0x00007ff9a9250000 - 0x00007ff9a92cc000 	C:\Anaconda3\envs\py35\lib\site-packages\scipy\linalg\cython_blas.cp35-win_amd64.pyd
0x00007ff98a1c0000 - 0x00007ff98a3fe000 	C:\Anaconda3\envs\py35\lib\site-packages\scipy\linalg\cython_lapack.cp35-win_amd64.pyd
0x00007ff9a7750000 - 0x00007ff9a7aa7000 	C:\Anaconda3\envs\py35\Library\bin\libmmd.dll
0x00007ff9bc350000 - 0x00007ff9bc362000 	C:\Anaconda3\envs\py35\lib\site-packages\scipy\spatial\_distance_wrap.cp35-win_amd64.pyd
0x00007ff9b8110000 - 0x00007ff9b8133000 	C:\Anaconda3\envs\py35\lib\site-packages\scipy\spatial\_hausdorff.cp35-win_amd64.pyd
0x00007ff9a0cd0000 - 0x00007ff9a0df6000 	C:\Anaconda3\envs\py35\lib\site-packages\scipy\special\_ufuncs.cp35-win_amd64.pyd
0x00007ff9a7590000 - 0x00007ff9a774e000 	C:\Anaconda3\envs\py35\Library\bin\libifcoremd.dll
0x00007ff9d8e20000 - 0x00007ff9d8e3d000 	C:\WINDOWS\System32\imagehlp.dll
0x00007ff9bf810000 - 0x00007ff9bf82a000 	C:\Anaconda3\envs\py35\lib\site-packages\scipy\special\_ufuncs_cxx.cp35-win_amd64.pyd
0x00007ff9a91c0000 - 0x00007ff9a9247000 	C:\Anaconda3\envs\py35\lib\site-packages\scipy\special\specfun.cp35-win_amd64.pyd
0x00007ff9d15c0000 - 0x00007ff9d15cb000 	C:\Anaconda3\envs\py35\lib\site-packages\scipy\special\_comb.cp35-win_amd64.pyd
0x00007ff9bf7f0000 - 0x00007ff9bf805000 	C:\Anaconda3\envs\py35\lib\site-packages\scipy\special\_ellip_harm_2.cp35-win_amd64.pyd
0x00007ff9bf7d0000 - 0x00007ff9bf7ee000 	C:\Anaconda3\envs\py35\lib\site-packages\scipy\integrate\_odepack.cp35-win_amd64.pyd
0x00007ff9b7ef0000 - 0x00007ff9b7f09000 	C:\Anaconda3\envs\py35\lib\site-packages\scipy\integrate\_quadpack.cp35-win_amd64.pyd
0x00007ff9b50b0000 - 0x00007ff9b50d4000 	C:\Anaconda3\envs\py35\lib\site-packages\scipy\integrate\vode.cp35-win_amd64.pyd
0x00007ff9b41a0000 - 0x00007ff9b41b6000 	C:\Anaconda3\envs\py35\lib\site-packages\scipy\integrate\_dop.cp35-win_amd64.pyd
0x00007ff9b3ec0000 - 0x00007ff9b3ee0000 	C:\Anaconda3\envs\py35\lib\site-packages\scipy\integrate\lsoda.cp35-win_amd64.pyd
0x00007ff9ae850000 - 0x00007ff9ae893000 	C:\Anaconda3\envs\py35\lib\site-packages\scipy\sparse\linalg\isolve\_iterative.cp35-win_amd64.pyd
0x00007ff9ac270000 - 0x00007ff9ac2cb000 	C:\Anaconda3\envs\py35\lib\site-packages\scipy\sparse\linalg\dsolve\_superlu.cp35-win_amd64.pyd
0x00007ff9a90b0000 - 0x00007ff9a9139000 	C:\Anaconda3\envs\py35\lib\site-packages\scipy\sparse\linalg\eigen\arpack\_arpack.cp35-win_amd64.pyd
0x00007ff9d0be0000 - 0x00007ff9d0bef000 	C:\Anaconda3\envs\py35\lib\site-packages\scipy\optimize\minpack2.cp35-win_amd64.pyd
0x00007ff9b3ea0000 - 0x00007ff9b3eb9000 	C:\Anaconda3\envs\py35\lib\site-packages\scipy\optimize\_lbfgsb.cp35-win_amd64.pyd
0x00007ff9ca300000 - 0x00007ff9ca310000 	C:\Anaconda3\envs\py35\lib\site-packages\scipy\optimize\moduleTNC.cp35-win_amd64.pyd
0x00007ff9b3dc0000 - 0x00007ff9b3dd3000 	C:\Anaconda3\envs\py35\lib\site-packages\scipy\optimize\_cobyla.cp35-win_amd64.pyd
0x00007ff9abbc0000 - 0x00007ff9abbd3000 	C:\Anaconda3\envs\py35\lib\site-packages\scipy\optimize\_slsqp.cp35-win_amd64.pyd
0x00007ff9abba0000 - 0x00007ff9abbb2000 	C:\Anaconda3\envs\py35\lib\site-packages\scipy\optimize\_minpack.cp35-win_amd64.pyd
0x00007ff9a8ed0000 - 0x00007ff9a8ef3000 	C:\Anaconda3\envs\py35\lib\site-packages\scipy\optimize\_group_columns.cp35-win_amd64.pyd
0x00007ff9a8ea0000 - 0x00007ff9a8ec1000 	C:\Anaconda3\envs\py35\lib\site-packages\scipy\optimize\_lsq\givens_elimination.cp35-win_amd64.pyd
0x00007ff9c5b40000 - 0x00007ff9c5b48000 	C:\Anaconda3\envs\py35\lib\site-packages\scipy\optimize\_zeros.cp35-win_amd64.pyd
0x00007ff9bf7c0000 - 0x00007ff9bf7cd000 	C:\Anaconda3\envs\py35\lib\site-packages\scipy\optimize\_nnls.cp35-win_amd64.pyd
0x00000000695d0000 - 0x0000000069604000 	C:\Anaconda3\envs\py35\DLLs\_elementtree.pyd
0x00007ff9aafa0000 - 0x00007ff9aafbd000 	C:\Anaconda3\envs\py35\lib\site-packages\scipy\interpolate\_fitpack.cp35-win_amd64.pyd
0x00007ff9a85c0000 - 0x00007ff9a8600000 	C:\Anaconda3\envs\py35\lib\site-packages\scipy\interpolate\dfitpack.cp35-win_amd64.pyd
0x00007ff9a82e0000 - 0x00007ff9a8317000 	C:\Anaconda3\envs\py35\lib\site-packages\scipy\interpolate\_bspl.cp35-win_amd64.pyd
0x00007ff9a8080000 - 0x00007ff9a80cc000 	C:\Anaconda3\envs\py35\lib\site-packages\scipy\interpolate\_ppoly.cp35-win_amd64.pyd
0x00007ff9a6320000 - 0x00007ff9a6365000 	C:\Anaconda3\envs\py35\lib\site-packages\scipy\interpolate\interpnd.cp35-win_amd64.pyd
0x00007ff9a09a0000 - 0x00007ff9a0a74000 	C:\Anaconda3\envs\py35\lib\site-packages\PIL\_imaging.cp35-win_amd64.pyd
0x00007ff9a9090000 - 0x00007ff9a90a9000 	C:\Anaconda3\envs\py35\Library\bin\zlib.dll
0x00007ff9a1ab0000 - 0x00007ff9a1afe000 	C:\Anaconda3\envs\py35\lib\site-packages\scipy\stats\_stats.cp35-win_amd64.pyd
0x00007ff9bf670000 - 0x00007ff9bf67e000 	C:\Anaconda3\envs\py35\lib\site-packages\scipy\stats\statlib.cp35-win_amd64.pyd
0x00007ff989b70000 - 0x00007ff989c81000 	C:\Anaconda3\envs\py35\lib\site-packages\scipy\stats\mvn.cp35-win_amd64.pyd
0x00007ff9a8e80000 - 0x00007ff9a8e93000 	C:\Anaconda3\envs\py35\DLLs\_tkinter.pyd
0x00000000686b0000 - 0x0000000068847000 	C:\Anaconda3\envs\py35\DLLs\tcl86t.dll
0x00000000684c0000 - 0x00000000686a3000 	C:\Anaconda3\envs\py35\DLLs\tk86t.dll

VM Arguments:
jvm_args: -Dfile.encoding=UTF8 -ea -Xmx768m 
java_command: <unknown>
java_class_path (initial): C:\Anaconda3\envs\py35\lib\site-packages\konlpy\java;C:\Anaconda3\envs\py35\lib\site-packages\konlpy\java\bin;C:\Anaconda3\envs\py35\lib\site-packages\konlpy\java\jhannanum-0.8.4.jar;C:\Anaconda3\envs\py35\lib\site-packages\konlpy\java\kkma-2.0.jar;C:\Anaconda3\envs\py35\lib\site-packages\konlpy\java\komoran-2.4-e.jar;C:\Anaconda3\envs\py35\lib\site-packages\konlpy\java\shineware-common-2.0.jar;C:\Anaconda3\envs\py35\lib\site-packages\konlpy\java\shineware-ds-1.0.jar;C:\Anaconda3\envs\py35\lib\site-packages\konlpy\java\snakeyaml-1.12.jar;C:\Anaconda3\envs\py35\lib\site-packages\konlpy\java\scala-library-2.11.4.jar;C:\Anaconda3\envs\py35\lib\site-packages\konlpy\java\twitter-korean-text-2.4.3.jar;C:\Anaconda3\envs\py35\lib\site-packages\konlpy\java\twitter-text-1.10.1.jar;C:\Anaconda3\envs\py35\lib\site-packages\konlpy\java\*
Launcher Type: generic

Environment Variables:
JAVA_HOME=C:\Program Files\Java\jdk1.8.0_65
PATH=C:\Anaconda3\envs\py35\Library\bin;C:\Anaconda3\envs\py35\lib\site-packages\numpy\core;C:\Anaconda3\envs\py35\Library\bin;C:\Anaconda3\envs\py35;C:\Anaconda3\envs\py35\Library\mingw-w64\bin;C:\Anaconda3\envs\py35\Library\usr\bin;C:\Anaconda3\envs\py35\Library\bin;C:\Anaconda3\envs\py35\Scripts;C:\Anaconda3;C:\Anaconda3\Library\mingw-w64\bin;C:\Anaconda3\Library\usr\bin;C:\Anaconda3\Library\bin;C:\Anaconda3\Scripts;C:\Program Files (x86)\Intel\iCLS Client\;C:\Program Files\Intel\iCLS Client\;C:\WINDOWS\system32;C:\WINDOWS;C:\WINDOWS\System32\Wbem;C:\WINDOWS\System32\WindowsPowerShell\v1.0\;C:\Program Files\Intel\WiFi\bin\;C:\Program Files\Common Files\Intel\WirelessCommon\;C:\Program Files\Intel\Intel(R) Management Engine Components\DAL;C:\Program Files (x86)\Intel\Intel(R) Management Engine Components\DAL;C:\Program Files\Intel\Intel(R) Management Engine Components\IPT;C:\Program Files (x86)\Intel\Intel(R) Management Engine Components\IPT;C:\Program Files (x86)\Windows Kits\8.1\Windows Performance Toolkit\;C:\Users\LSW\AppData\Local\Android\sdk\platform-tools;C:\WINDOWS\system32\config\systemprofile\.dnx\bin;C:\Program Files\Microsoft DNX\Dnvm\;C:\Program Files\MySQL\MySQL Utilities 1.6\;C:\Program Files\MySQL\MySQL Workbench 6.3 CE;C:\Program Files\nodejs\;C:\MongoDB\bin;C:\Program Files (x86)\Skype\Phone\;C:\Program Files\Git\cmd;C:\Program Files (x86)\ZeinSoft\ComVoy\2.0\agent;C:\Program Files\mingw-w64\x86_64-7.1.0-posix-seh-rt_v5-rev1\mingw64\bin;C:\Program Files\MySQL\MySQL Server 5.7\bin\mysqld;C:\sqlite3;C:\Program Files (x86)\Vim\vim80;C:\WINDOWS\System32\OpenSSH\;C:\ffmpeg\bin;C:\Program Files\Intel\WiFi\bin\;C:\Program Files\Common Files\Intel\WirelessCommon\;C:\Program Files (x86)\Google\google_appengine\;C:\Users\LSW\AppData\Local\Microsoft\WindowsApps;C:\Users\LSW\AppData\Roaming\npm;C:\Program Files (x86)\Microsoft VS Code\bin;C:\Program Files\Heroku\bin;
USERNAME=LSW
OS=Windows_NT
PROCESSOR_IDENTIFIER=Intel64 Family 6 Model 61 Stepping 4, GenuineIntel



---------------  S Y S T E M  ---------------

OS: Windows 10.0 , 64 bit Build 17134 (10.0.17134.1)

CPU:total 4 (2 cores per cpu, 2 threads per core) family 6 model 61 stepping 4, cmov, cx8, fxsr, mmx, sse, sse2, sse3, ssse3, sse4.1, sse4.2, popcnt, avx, avx2, aes, clmul, erms, 3dnowpref, lzcnt, ht, tsc, tscinvbit, bmi1, bmi2, adx

Memory: 4k page, physical 8305868k(1637480k free), swap 10403020k(2388k free)

vm_info: Java HotSpot(TM) 64-Bit Server VM (25.65-b01) for windows-amd64 JRE (1.8.0_65-b17), built on Oct  6 2015 16:39:20 by "java_re" with MS VC++ 10.0 (VS2010)

time: Sun May 27 12:45:08 2018
elapsed time: 10 seconds (0d 0h 0m 10s)

